# Logfile created on Thu Jul 15 03:20:15 +0400 2010  [4;36;1mSQL (0.1ms)[0m   [0;1mSET NAMES 'utf8'[0m
  [4;35;1mSQL (0.1ms)[0m   [0mSET SQL_AUTO_IS_NULL=0[0m
  [4;36;1mSQL (0.3ms)[0m   [0;1mSHOW TABLES[0m
  [4;35;1mSQL (104.5ms)[0m   [0mCREATE TABLE `schema_migrations` (`version` varchar(255) NOT NULL) ENGINE=InnoDB[0m
  [4;36;1mSQL (0.4ms)[0m   [0;1mSHOW KEYS FROM `schema_migrations`[0m
  [4;35;1mSQL (175.4ms)[0m   [0mCREATE UNIQUE INDEX `unique_schema_migrations` ON `schema_migrations` (`version`)[0m
  [4;36;1mSQL (0.3ms)[0m   [0;1mSHOW TABLES[0m
  [4;35;1mSQL (0.4ms)[0m   [0mSELECT version FROM schema_migrations[0m
Migrating to CreatePhotos (20100629113859)
  [4;36;1mSQL (108.6ms)[0m   [0;1mCREATE TABLE `photos` (`id` int(11) DEFAULT NULL auto_increment PRIMARY KEY, `src` varchar(255), `src_min` varchar(255), `created_at` datetime, `updated_at` datetime) ENGINE=InnoDB[0m
  [4;35;1mSQL (33.1ms)[0m   [0mINSERT INTO schema_migrations (version) VALUES ('20100629113859')[0m
Migrating to CreateVotes (20100629121939)
  [4;36;1mSQL (121.7ms)[0m   [0;1mCREATE TABLE `votes` (`id` int(11) DEFAULT NULL auto_increment PRIMARY KEY, `photo_id` int(11), `user_name` varchar(255), `user_mail` varchar(255), `user_ip` varchar(255), `created_at` datetime, `updated_at` datetime) ENGINE=InnoDB[0m
  [4;35;1mSQL (32.8ms)[0m   [0mINSERT INTO schema_migrations (version) VALUES ('20100629121939')[0m
Migrating to CreateAlbums (20100630102721)
  [4;36;1mSQL (123.3ms)[0m   [0;1mCREATE TABLE `albums` (`id` int(11) DEFAULT NULL auto_increment PRIMARY KEY, `title` varchar(255), `created_at` datetime, `updated_at` datetime) ENGINE=InnoDB[0m
  [4;35;1mSQL (32.6ms)[0m   [0mINSERT INTO schema_migrations (version) VALUES ('20100630102721')[0m
Migrating to UpdatePhotos (20100630103841)
  [4;36;1mSQL (214.8ms)[0m   [0;1mALTER TABLE `photos` ADD `title` varchar(255)[0m
  [4;35;1mSQL (200.6ms)[0m   [0mALTER TABLE `photos` ADD `product_id` int(11)[0m
  [4;36;1mSQL (192.1ms)[0m   [0;1mALTER TABLE `photos` ADD `image_file_name` varchar(255)[0m
  [4;35;1mSQL (200.6ms)[0m   [0mALTER TABLE `photos` ADD `image_content_type` varchar(255)[0m
  [4;36;1mSQL (192.3ms)[0m   [0;1mALTER TABLE `photos` ADD `image_file_size` int(11)[0m
  [4;35;1mSQL (200.6ms)[0m   [0mALTER TABLE `photos` ADD `image_updated_at` datetime[0m
  [4;36;1mSQL (32.7ms)[0m   [0;1mINSERT INTO schema_migrations (version) VALUES ('20100630103841')[0m
Migrating to CreateUsers (20100630110904)
  [4;35;1mSQL (0.5ms)[0m   [0mSHOW TABLES[0m
  [4;36;1mSQL (112.1ms)[0m   [0;1mCREATE TABLE `users` (`id` int(11) DEFAULT NULL auto_increment PRIMARY KEY, `login` varchar(40), `name` varchar(100) DEFAULT '', `email` varchar(100), `crypted_password` varchar(40), `salt` varchar(40), `created_at` datetime, `updated_at` datetime, `remember_token` varchar(40), `remember_token_expires_at` datetime) ENGINE=InnoDB[0m
  [4;35;1mSQL (0.6ms)[0m   [0mSHOW KEYS FROM `users`[0m
  [4;36;1mSQL (209.2ms)[0m   [0;1mCREATE UNIQUE INDEX `index_users_on_login` ON `users` (`login`)[0m
  [4;35;1mSQL (32.9ms)[0m   [0mINSERT INTO schema_migrations (version) VALUES ('20100630110904')[0m
Migrating to UpdatePhoto (20100630131929)
  [4;36;1mSQL (184.6ms)[0m   [0;1mALTER TABLE `photos` ADD `album_id` int(11)[0m
  [4;35;1mSQL (200.5ms)[0m   [0mALTER TABLE `photos` DROP `product_id`[0m
  [4;36;1mSQL (32.8ms)[0m   [0;1mINSERT INTO schema_migrations (version) VALUES ('20100630131929')[0m
Migrating to UpdateCatalog (20100630141747)
  [4;35;1mSQL (265.5ms)[0m   [0mALTER TABLE `albums` ADD `visible` tinyint(1)[0m
  [4;36;1mSQL (192.3ms)[0m   [0;1mALTER TABLE `photos` ADD `in_voting` tinyint(1)[0m
  [4;35;1mSQL (32.7ms)[0m   [0mINSERT INTO schema_migrations (version) VALUES ('20100630141747')[0m
Migrating to UpdatePhotoRemoveSrc (20100630154325)
  [4;36;1mSQL (198.3ms)[0m   [0;1mALTER TABLE `photos` DROP `src`[0m
  [4;35;1mSQL (350.6ms)[0m   [0mALTER TABLE `photos` DROP `src_min`[0m
  [4;36;1mSQL (74.9ms)[0m   [0;1mINSERT INTO schema_migrations (version) VALUES ('20100630154325')[0m
  [4;35;1mSQL (0.4ms)[0m   [0mSHOW TABLES[0m
  [4;36;1mSQL (0.2ms)[0m   [0;1mSELECT version FROM schema_migrations[0m
  [4;35;1mSQL (0.4ms)[0m   [0mSHOW TABLES[0m
  [4;36;1mSQL (0.8ms)[0m   [0;1mSHOW FIELDS FROM `albums`[0m
  [4;35;1mSQL (0.8ms)[0m   [0mdescribe `albums`[0m
  [4;36;1mSQL (0.4ms)[0m   [0;1mSHOW KEYS FROM `albums`[0m
  [4;35;1mSQL (0.9ms)[0m   [0mSHOW FIELDS FROM `photos`[0m
  [4;36;1mSQL (0.6ms)[0m   [0;1mdescribe `photos`[0m
  [4;35;1mSQL (0.2ms)[0m   [0mSHOW KEYS FROM `photos`[0m
  [4;36;1mSQL (0.7ms)[0m   [0;1mSHOW FIELDS FROM `users`[0m
  [4;35;1mSQL (0.6ms)[0m   [0mdescribe `users`[0m
  [4;36;1mSQL (0.3ms)[0m   [0;1mSHOW KEYS FROM `users`[0m
  [4;35;1mSQL (0.7ms)[0m   [0mSHOW FIELDS FROM `votes`[0m
  [4;36;1mSQL (0.6ms)[0m   [0;1mdescribe `votes`[0m
  [4;35;1mSQL (0.2ms)[0m   [0mSHOW KEYS FROM `votes`[0m
